# JRE version: Java(TM) SE Runtime Environment (8.0_271-b09) (build 1.8.0_271-b09)
# Java VM: Java HotSpot(TM) 64-Bit Server VM (25.271-b09 mixed mode bsd-amd64 compressed oops)
Heap:
 PSYoungGen      total 162816K, used 21202K [0x0000000795580000, 0x00000007a2000000, 0x00000007c0000000)
  eden space 152064K, 7% used [0x0000000795580000,0x0000000796033720,0x000000079ea00000)
  from space 10752K, 95% used [0x00000007a1580000,0x00000007a1f81430,0x00000007a2000000)
  to   space 12288K, 0% used [0x00000007a0800000,0x00000007a0800000,0x00000007a1400000)
 ParOldGen       total 73216K, used 15622K [0x0000000740000000, 0x0000000744780000, 0x0000000795580000)
  object space 73216K, 21% used [0x0000000740000000,0x0000000740f41b70,0x0000000744780000)
 Metaspace       used 40256K, capacity 43256K, committed 43312K, reserved 1087488K
  class space    used 5390K, capacity 5925K, committed 5936K, reserved 1048576K
GC Heap History (10 events):
Event: 28.192 GC heap before
{Heap before GC invocations=8 (full 1):
 PSYoungGen      total 68096K, used 65012K [0x0000000795580000, 0x000000079a480000, 0x00000007c0000000)
  eden space 62464K, 100% used [0x0000000795580000,0x0000000799280000,0x0000000799280000)
  from space 5632K, 45% used [0x0000000799f00000,0x000000079a17d1e0,0x000000079a480000)
  to   space 9216K, 0% used [0x0000000799280000,0x0000000799280000,0x0000000799b80000)
 ParOldGen       total 46592K, used 6490K [0x0000000740000000, 0x0000000742d80000, 0x0000000795580000)
  object space 46592K, 13% used [0x0000000740000000,0x0000000740656828,0x0000000742d80000)
 Metaspace       used 24793K, capacity 26188K, committed 26416K, reserved 1073152K
  class space    used 3321K, capacity 3624K, committed 3632K, reserved 1048576K
Event: 28.214 GC heap after
Heap after GC invocations=8 (full 1):
 PSYoungGen      total 71680K, used 6829K [0x0000000795580000, 0x000000079dc00000, 0x00000007c0000000)
  eden space 62464K, 0% used [0x0000000795580000,0x0000000795580000,0x0000000799280000)
  from space 9216K, 74% used [0x0000000799280000,0x000000079992b5f0,0x0000000799b80000)
  to   space 9216K, 0% used [0x000000079d300000,0x000000079d300000,0x000000079dc00000)
 ParOldGen       total 46592K, used 6498K [0x0000000740000000, 0x0000000742d80000, 0x0000000795580000)
  object space 46592K, 13% used [0x0000000740000000,0x0000000740658828,0x0000000742d80000)
 Metaspace       used 24793K, capacity 26188K, committed 26416K, reserved 1073152K
  class space    used 3321K, capacity 3624K, committed 3632K, reserved 1048576K
}
Event: 28.963 GC heap before
{Heap before GC invocations=9 (full 1):
 PSYoungGen      total 71680K, used 69293K [0x0000000795580000, 0x000000079dc00000, 0x00000007c0000000)
  eden space 62464K, 100% used [0x0000000795580000,0x0000000799280000,0x0000000799280000)
  from space 9216K, 74% used [0x0000000799280000,0x000000079992b5f0,0x0000000799b80000)
  to   space 9216K, 0% used [0x000000079d300000,0x000000079d300000,0x000000079dc00000)
 ParOldGen       total 46592K, used 6498K [0x0000000740000000, 0x0000000742d80000, 0x0000000795580000)
  object space 46592K, 13% used [0x0000000740000000,0x0000000740658828,0x0000000742d80000)
 Metaspace       used 29347K, capacity 31306K, committed 31536K, reserved 1077248K
  class space    used 3913K, capacity 4291K, committed 4400K, reserved 1048576K
Event: 28.975 GC heap after
Heap after GC invocations=9 (full 1):
 PSYoungGen      total 127488K, used 8728K [0x0000000795580000, 0x000000079de00000, 0x00000007c0000000)
  eden space 118272K, 0% used [0x0000000795580000,0x0000000795580000,0x000000079c900000)
  from space 9216K, 94% used [0x000000079d300000,0x000000079db86190,0x000000079dc00000)
  to   space 10240K, 0% used [0x000000079c900000,0x000000079c900000,0x000000079d300000)
 ParOldGen       total 46592K, used 6506K [0x0000000740000000, 0x0000000742d80000, 0x0000000795580000)
  object space 46592K, 13% used [0x0000000740000000,0x000000074065a828,0x0000000742d80000)
 Metaspace       used 29347K, capacity 31306K, committed 31536K, reserved 1077248K
  class space    used 3913K, capacity 4291K, committed 4400K, reserved 1048576K
}
Event: 29.612 GC heap before
{Heap before GC invocations=10 (full 1):
 PSYoungGen      total 127488K, used 63452K [0x0000000795580000, 0x000000079de00000, 0x00000007c0000000)
  eden space 118272K, 46% used [0x0000000795580000,0x0000000798af0ed0,0x000000079c900000)
  from space 9216K, 94% used [0x000000079d300000,0x000000079db86190,0x000000079dc00000)
  to   space 10240K, 0% used [0x000000079c900000,0x000000079c900000,0x000000079d300000)
 ParOldGen       total 46592K, used 6506K [0x0000000740000000, 0x0000000742d80000, 0x0000000795580000)
  object space 46592K, 13% used [0x0000000740000000,0x000000074065a828,0x0000000742d80000)
 Metaspace       used 33152K, capacity 35484K, committed 35496K, reserved 1079296K
  class space    used 4469K, capacity 4910K, committed 4912K, reserved 1048576K
Event: 29.635 GC heap after
Heap after GC invocations=10 (full 1):
 PSYoungGen      total 128512K, used 10218K [0x0000000795580000, 0x00000007a2100000, 0x00000007c0000000)
  eden space 118272K, 0% used [0x0000000795580000,0x0000000795580000,0x000000079c900000)
  from space 10240K, 99% used [0x000000079c900000,0x000000079d2fab28,0x000000079d300000)
  to   space 11776K, 0% used [0x00000007a1580000,0x00000007a1580000,0x00000007a2100000)
 ParOldGen       total 46592K, used 7652K [0x0000000740000000, 0x0000000742d80000, 0x0000000795580000)
  object space 46592K, 16% used [0x0000000740000000,0x0000000740779070,0x0000000742d80000)
 Metaspace       used 33152K, capacity 35484K, committed 35496K, reserved 1079296K
  class space    used 4469K, capacity 4910K, committed 4912K, reserved 1048576K
}
Event: 29.635 GC heap before
{Heap before GC invocations=11 (full 2):
 PSYoungGen      total 128512K, used 10218K [0x0000000795580000, 0x00000007a2100000, 0x00000007c0000000)
  eden space 118272K, 0% used [0x0000000795580000,0x0000000795580000,0x000000079c900000)
  from space 10240K, 99% used [0x000000079c900000,0x000000079d2fab28,0x000000079d300000)
  to   space 11776K, 0% used [0x00000007a1580000,0x00000007a1580000,0x00000007a2100000)
 ParOldGen       total 46592K, used 7652K [0x0000000740000000, 0x0000000742d80000, 0x0000000795580000)
  object space 46592K, 16% used [0x0000000740000000,0x0000000740779070,0x0000000742d80000)
 Metaspace       used 33152K, capacity 35484K, committed 35496K, reserved 1079296K
  class space    used 4469K, capacity 4910K, committed 4912K, reserved 1048576K
Event: 29.720 GC heap after
Heap after GC invocations=11 (full 2):
 PSYoungGen      total 128512K, used 0K [0x0000000795580000, 0x00000007a2100000, 0x00000007c0000000)
  eden space 118272K, 0% used [0x0000000795580000,0x0000000795580000,0x000000079c900000)
  from space 10240K, 0% used [0x000000079c900000,0x000000079c900000,0x000000079d300000)
  to   space 11776K, 0% used [0x00000007a1580000,0x00000007a1580000,0x00000007a2100000)
 ParOldGen       total 73216K, used 15614K [0x0000000740000000, 0x0000000744780000, 0x0000000795580000)
  object space 73216K, 21% used [0x0000000740000000,0x0000000740f3fb70,0x0000000744780000)
 Metaspace       used 33152K, capacity 35484K, committed 35496K, reserved 1079296K
  class space    used 4469K, capacity 4910K, committed 4912K, reserved 1048576K
}
Event: 198.673 GC heap before
{Heap before GC invocations=12 (full 2):
 PSYoungGen      total 128512K, used 118272K [0x0000000795580000, 0x00000007a2100000, 0x00000007c0000000)
  eden space 118272K, 100% used [0x0000000795580000,0x000000079c900000,0x000000079c900000)
  from space 10240K, 0% used [0x000000079c900000,0x000000079c900000,0x000000079d300000)
  to   space 11776K, 0% used [0x00000007a1580000,0x00000007a1580000,0x00000007a2100000)
 ParOldGen       total 73216K, used 15614K [0x0000000740000000, 0x0000000744780000, 0x0000000795580000)
  object space 73216K, 21% used [0x0000000740000000,0x0000000740f3fb70,0x0000000744780000)
 Metaspace       used 40223K, capacity 43174K, committed 43312K, reserved 1087488K
  class space    used 5381K, capacity 5922K, committed 5936K, reserved 1048576K
Event: 198.729 GC heap after
Heap after GC invocations=12 (full 2):
 PSYoungGen      total 162816K, used 10245K [0x0000000795580000, 0x00000007a2000000, 0x00000007c0000000)
  eden space 152064K, 0% used [0x0000000795580000,0x0000000795580000,0x000000079ea00000)
  from space 10752K, 95% used [0x00000007a1580000,0x00000007a1f81430,0x00000007a2000000)
  to   space 12288K, 0% used [0x00000007a0800000,0x00000007a0800000,0x00000007a1400000)
 ParOldGen       total 73216K, used 15622K [0x0000000740000000, 0x0000000744780000, 0x0000000795580000)
  object space 73216K, 21% used [0x0000000740000000,0x0000000740f41b70,0x0000000744780000)
 Metaspace       used 40223K, capacity 43174K, committed 43312K, reserved 1087488K
  class space    used 5381K, capacity 5922K, committed 5936K, reserved 1048576K
}

